[     266ms] [INFO] %cDownload the React DevTools for a better development experience: https://react.dev/link/react-devtools font-weight:bold @ http://localhost:3000/_next/static/chunks/node_modules_next_dist_1ybzpk2._.js:2477
[     350ms] [LOG] [HMR] connected @ http://localhost:3000/_next/static/chunks/node_modules_next_dist_1ybzpk2._.js:2477
[    2910ms] [INFO] BSSO Telemetry: {"result":"Error","error":"NoExtension","type":"ChromeSsoTelemetry","data":{},"traces":["BrowserSSO Initialized","Creating ChromeBrowserCore provider","Sending message for method CreateProviderAsync","Received message for method CreateProviderAsync","Error: ChromeBrowserCore error NoExtension: Extension is not installed."]} @ https://aadcdn.msftauth.net/shared/1.0/content/js/BssoInterrupt_Core_Pub9GRdfCt-pUOuUnzQRBw2.js:17
[    3039ms] [ERROR] Failed to load resource: the server responded with a status of 404 (Not Found) @ https://login.microsoftonline.com/favicon.ico:0
[    3394ms] [VERBOSE] [DOM] Input elements should have autocomplete attributes (suggested: "current-password"): (More info: https://goo.gl/9p2vKq) %o @ https://login.microsoftonline.com/5e08452c-54ef-4783-a014-08c000c22f58/oauth2/v2.0/authorize?client_id=2a33f56d-622a-42f0-947d-e7edd9b24751&scope=api%3A%2F%2F2a33f56d-622a-42f0-947d-e7edd9b24751%2Faccess_as_user%20openid%20profile%20offline_access&redirect_uri=http%3A%2F%2Flocalhost%3A3000&client-request-id=019f20dc-2c6c-7132-97f9-dffea0015fbb&response_mode=fragment&client_info=1&clidata=1&prompt=select_account&nonce=019f20dc-2c73-7f37-8153-21358c63605d&state=eyJpZCI6IjAxOWYyMGRjLTJjNmUtN2RiZi1iMmY5LThmZjJiNGFlOGYxMSIsIm1ldGEiOnsiaW50ZXJhY3Rpb25UeXBlIjoicmVkaXJlY3QifX0%3D&claims=%7B%22id_token%22%3A%7B%22signin_state%22%3A%7B%22essential%22%3Afalse%7D%2C%22login_hint%22%3A%7B%22essential%22%3Afalse%7D%7D%7D&x-client-SKU=msal.js.browser&x-client-VER=5.15.0&response_type=code&code_challenge=OVpDXBtBJ56QTNb3FpZgRwO4gc_KpHMfAzjWjaOSnkI&code_challenge_method=S256&sso_reload=true:0
[   13686ms] [VERBOSE] [DOM] Input elements should have autocomplete attributes (suggested: "current-password"): (More info: https://goo.gl/9p2vKq) %o @ https://login.microsoftonline.com/5e08452c-54ef-4783-a014-08c000c22f58/oauth2/v2.0/authorize?client_id=2a33f56d-622a-42f0-947d-e7edd9b24751&scope=api%3A%2F%2F2a33f56d-622a-42f0-947d-e7edd9b24751%2Faccess_as_user%20openid%20profile%20offline_access&redirect_uri=http%3A%2F%2Flocalhost%3A3000&client-request-id=019f20dc-2c6c-7132-97f9-dffea0015fbb&response_mode=fragment&client_info=1&clidata=1&prompt=select_account&nonce=019f20dc-2c73-7f37-8153-21358c63605d&state=eyJpZCI6IjAxOWYyMGRjLTJjNmUtN2RiZi1iMmY5LThmZjJiNGFlOGYxMSIsIm1ldGEiOnsiaW50ZXJhY3Rpb25UeXBlIjoicmVkaXJlY3QifX0%3D&claims=%7B%22id_token%22%3A%7B%22signin_state%22%3A%7B%22essential%22%3Afalse%7D%2C%22login_hint%22%3A%7B%22essential%22%3Afalse%7D%7D%7D&x-client-SKU=msal.js.browser&x-client-VER=5.15.0&response_type=code&code_challenge=OVpDXBtBJ56QTNb3FpZgRwO4gc_KpHMfAzjWjaOSnkI&code_challenge_method=S256&sso_reload=true:0
[   20922ms] [VERBOSE] [DOM] Input elements should have autocomplete attributes (suggested: "username"): (More info: https://goo.gl/9p2vKq) %o @ https://login.microsoftonline.com/5e08452c-54ef-4783-a014-08c000c22f58/oauth2/v2.0/authorize?client_id=2a33f56d-622a-42f0-947d-e7edd9b24751&scope=api%3A%2F%2F2a33f56d-622a-42f0-947d-e7edd9b24751%2Faccess_as_user%20openid%20profile%20offline_access&redirect_uri=http%3A%2F%2Flocalhost%3A3000&client-request-id=019f20dc-2c6c-7132-97f9-dffea0015fbb&response_mode=fragment&client_info=1&clidata=1&prompt=select_account&nonce=019f20dc-2c73-7f37-8153-21358c63605d&state=eyJpZCI6IjAxOWYyMGRjLTJjNmUtN2RiZi1iMmY5LThmZjJiNGFlOGYxMSIsIm1ldGEiOnsiaW50ZXJhY3Rpb25UeXBlIjoicmVkaXJlY3QifX0%3D&claims=%7B%22id_token%22%3A%7B%22signin_state%22%3A%7B%22essential%22%3Afalse%7D%2C%22login_hint%22%3A%7B%22essential%22%3Afalse%7D%7D%7D&x-client-SKU=msal.js.browser&x-client-VER=5.15.0&response_type=code&code_challenge=OVpDXBtBJ56QTNb3FpZgRwO4gc_KpHMfAzjWjaOSnkI&code_challenge_method=S256&sso_reload=true:0
[   26326ms] [VERBOSE] [DOM] Input elements should have autocomplete attributes (suggested: "username"): (More info: https://goo.gl/9p2vKq) %o @ https://login.microsoftonline.com/5e08452c-54ef-4783-a014-08c000c22f58/login:0
[   35716ms] [INFO] %cDownload the React DevTools for a better development experience: https://react.dev/link/react-devtools font-weight:bold @ http://localhost:3000/_next/static/chunks/node_modules_next_dist_1ybzpk2._.js:2477
[   35761ms] [LOG] [HMR] connected @ http://localhost:3000/_next/static/chunks/node_modules_next_dist_1ybzpk2._.js:2477
[   35907ms] [INFO] %cDownload the React DevTools for a better development experience: https://react.dev/link/react-devtools font-weight:bold @ http://localhost:3000/_next/static/chunks/node_modules_next_dist_1ybzpk2._.js:2477
[   35922ms] [LOG] [HMR] connected @ http://localhost:3000/_next/static/chunks/node_modules_next_dist_1ybzpk2._.js:2477
[   35952ms] Error: Hydration failed because the server rendered HTML didn't match the client. As a result this tree will be regenerated on the client. This can happen if a SSR-ed Client Component used:

- A server/client branch `if (typeof window !== 'undefined')`.
- Variable input such as `Date.now()` or `Math.random()` which changes each time it's called.
- Date formatting in a user's locale which doesn't match the server.
- External changing data without sending a snapshot of it along with the HTML.
- Invalid HTML tag nesting.

It can also happen if the client has a browser extension installed which messes with the HTML before React loaded.

https://react.dev/link/hydration-mismatch

  ...
    <SegmentViewNode type="page" pagePath="(auth)/log...">
      <SegmentTrieNode>
      <ClientPageRoot Component={function Page} serverProvidedParams={{...}}>
        <Page params={Promise} searchParams={Promise}>
          <Suspense fallback={<SignInPageSkeleton>}>
            <LoginContent>
              <SignInPage busyLabel="Preparing ..." errorMessage="" isBusy={true} onBack={function handleBack} ...>
                <AuthBackground>
                  <main className="relative m...">
                    <div>
                    <div className="relative z...">
                      <header>
                      <section className="flex flex-...">
                        <div className="w-full max...">
                          <div className="space-y-5">
                            <div>
                            <Button type="button" disabled={true} className="h-10 w-ful..." onClick={function onClick}>
                              <button
                                data-slot="button"
                                data-variant="default"
                                data-size="default"
                                className={"group/button inline-flex shrink-0 items-center justify-center border bord..."}
                                type="button"
+                               disabled={true}
-                               disabled={null}
                                onClick={function onClick}
                              >
                                <LoaderCircle className="size-4 ani...">
+                                 <svg
+                                   ref={null}
+                                   xmlns="http://www.w3.org/2000/svg"
+                                   width={24}
+                                   height={24}
+                                   viewBox="0 0 24 24"
+                                   fill="none"
+                                   stroke="currentColor"
+                                   strokeWidth={2}
+                                   strokeLinecap="round"
+                                   strokeLinejoin="round"
+                                   className="lucide lucide-loader-circle size-4 animate-spin"
+                                   aria-hidden="true"
+                                 >
-                                 <span aria-hidden="true" className="grid size-4 grid-cols-2 gap-0.5">
                                ...
                          ...
    ...

    at throwOnHydrationMismatch (http://localhost:3000/_next/static/chunks/node_modules_next_dist_compiled_react-dom_096_9a-._.js:3318:56)
    at beginWork (http://localhost:3000/_next/static/chunks/node_modules_next_dist_compiled_react-dom_096_9a-._.js:6758:918)
    at runWithFiberInDEV (http://localhost:3000/_next/static/chunks/node_modules_next_dist_compiled_react-dom_096_9a-._.js:965:74)
    at performUnitOfWork (http://localhost:3000/_next/static/chunks/node_modules_next_dist_compiled_react-dom_096_9a-._.js:9555:97)
    at workLoopSync (http://localhost:3000/_next/static/chunks/node_modules_next_dist_compiled_react-dom_096_9a-._.js:9449:40)
    at renderRootSync (http://localhost:3000/_next/static/chunks/node_modules_next_dist_compiled_react-dom_096_9a-._.js:9433:13)
    at performWorkOnRoot (http://localhost:3000/_next/static/chunks/node_modules_next_dist_compiled_react-dom_096_9a-._.js:9061:186)
    at performSyncWorkOnRoot (http://localhost:3000/_next/static/chunks/node_modules_next_dist_compiled_react-dom_096_9a-._.js:10263:9)
    at flushSyncWorkAcrossRoots_impl (http://localhost:3000/_next/static/chunks/node_modules_next_dist_compiled_react-dom_096_9a-._.js:10179:316)
    at processRootScheduleInMicrotask (http://localhost:3000/_next/static/chunks/node_modules_next_dist_compiled_react-dom_096_9a-._.js:10200:106)
    at http://localhost:3000/_next/static/chunks/node_modules_next_dist_compiled_react-dom_096_9a-._.js:10274:158
[  102845ms] [LOG] [Fast Refresh] rebuilding @ http://localhost:3000/_next/static/chunks/node_modules_next_dist_1ybzpk2._.js:2477
[  102860ms] [LOG] [Fast Refresh] done in 117ms @ http://localhost:3000/_next/static/chunks/node_modules_next_dist_1ybzpk2._.js:2477
